\BOOKMARK [0][-]{chapter*.2}{\376\377\000L\000i\000c\000e\000n\000z\000a}{}% 1
\BOOKMARK [1][-]{section*.3}{\376\377\000D\000i\000r\000i\000t\000t\000i\000\040\000c\000o\000n\000c\000e\000s\000s\000i}{chapter*.2}% 2
\BOOKMARK [1][-]{section*.4}{\376\377\000C\000o\000n\000d\000i\000z\000i\000o\000n\000i}{chapter*.2}% 3
\BOOKMARK [1][-]{section*.5}{\376\377\000A\000s\000s\000e\000n\000z\000a\000\040\000d\000i\000\040\000g\000a\000r\000a\000n\000z\000i\000a}{chapter*.2}% 4
\BOOKMARK [1][-]{section*.6}{\376\377\000T\000e\000s\000t\000o\000\040\000c\000o\000m\000p\000l\000e\000t\000o\000\040\000d\000e\000l\000l\000a\000\040\000l\000i\000c\000e\000n\000z\000a}{chapter*.2}% 5
\BOOKMARK [0][-]{chapter.1}{\376\377\000C\000o\000n\000c\000e\000t\000t\000i\000\040\000c\000h\000i\000a\000v\000e\000\040\000d\000e\000l\000l\000'\000a\000n\000a\000l\000i\000s\000i\000\040\000d\000e\000i\000\040\000d\000a\000t\000i}{}% 6
\BOOKMARK [1][-]{section.1.1}{\376\377\000C\000o\000n\000c\000e\000t\000t\000i\000\040\000f\000o\000n\000d\000a\000m\000e\000n\000t\000a\000l\000i}{chapter.1}% 7
\BOOKMARK [2][-]{subsection.1.1.1}{\376\377\000D\000a\000t\000a}{section.1.1}% 8
\BOOKMARK [2][-]{subsection.1.1.2}{\376\377\000P\000o\000p\000o\000l\000a\000z\000i\000o\000n\000e}{section.1.1}% 9
\BOOKMARK [2][-]{subsection.1.1.3}{\376\377\000O\000s\000s\000e\000r\000v\000a\000z\000i\000o\000n\000i}{section.1.1}% 10
\BOOKMARK [2][-]{subsection.1.1.4}{\376\377\000C\000a\000m\000p\000i\000o\000n\000e}{section.1.1}% 11
\BOOKMARK [2][-]{subsection.1.1.5}{\376\377\000V\000a\000r\000i\000a\000b\000i\000l\000e}{section.1.1}% 12
\BOOKMARK [2][-]{subsection.1.1.6}{\376\377\000S\000c\000a\000l\000e\000\040\000d\000i\000\040\000m\000i\000s\000u\000r\000a\000z\000i\000o\000n\000e}{section.1.1}% 13
\BOOKMARK [1][-]{section.1.2}{\376\377\000O\000r\000g\000a\000n\000i\000z\000z\000a\000z\000i\000o\000n\000e\000\040\000d\000e\000i\000\040\000d\000a\000t\000i}{chapter.1}% 14
\BOOKMARK [2][-]{subsection.1.2.1}{\376\377\000D\000a\000t\000a\000s\000e\000t\000s}{section.1.2}% 15
\BOOKMARK [2][-]{subsection.1.2.2}{\376\377\000D\000e\000s\000i\000g\000n\000\040\000m\000a\000t\000r\000i\000x}{section.1.2}% 16
\BOOKMARK [1][-]{section.1.3}{\376\377\000C\000o\000l\000l\000e\000z\000i\000o\000n\000e\000\040\000d\000e\000i\000\040\000d\000a\000t\000i}{chapter.1}% 17
\BOOKMARK [2][-]{subsection.1.3.1}{\376\377\000S\000u\000r\000v\000e\000y\000s}{section.1.3}% 18
\BOOKMARK [2][-]{subsection.1.3.2}{\376\377\000E\000s\000p\000e\000r\000i\000m\000e\000n\000t\000i}{section.1.3}% 19
\BOOKMARK [2][-]{subsection.1.3.3}{\376\377\000D\000a\000t\000i\000\040\000o\000s\000s\000e\000r\000v\000a\000b\000i\000l\000i}{section.1.3}% 20
\BOOKMARK [1][-]{section.1.4}{\376\377\000D\000a\000t\000a\000\040\000W\000r\000a\000n\000g\000l\000i\000n\000g}{chapter.1}% 21
\BOOKMARK [2][-]{subsection.1.4.1}{\376\377\000G\000e\000s\000t\000i\000r\000e\000\040\000i\000\040\000v\000a\000l\000o\000r\000i\000\040\000n\000u\000l\000l\000i\000\040\000o\000\040\000m\000a\000n\000c\000a\000n\000t\000i}{section.1.4}% 22
\BOOKMARK [2][-]{subsection.1.4.2}{\376\377\000C\000o\000n\000v\000e\000r\000s\000i\000o\000n\000e\000\040\000d\000e\000i\000\040\000d\000a\000t\000i}{section.1.4}% 23
\BOOKMARK [2][-]{subsection.1.4.3}{\376\377\000R\000i\000n\000o\000m\000i\000n\000a\000z\000i\000o\000n\000e\000\040\000e\000\040\000r\000i\000f\000o\000r\000m\000a\000t\000t\000a\000z\000i\000o\000n\000e\000\040\000d\000e\000i\000\040\000d\000a\000t\000i}{section.1.4}% 24
\BOOKMARK [2][-]{subsection.1.4.4}{\376\377\000C\000r\000e\000a\000z\000i\000o\000n\000e\000\040\000d\000i\000\040\000n\000u\000o\000v\000e\000\040\000f\000e\000a\000t\000u\000r\000e}{section.1.4}% 25
\BOOKMARK [2][-]{subsection.1.4.5}{\376\377\000F\000i\000l\000t\000r\000a\000g\000g\000i\000o\000\040\000e\000\040\000s\000e\000l\000e\000z\000i\000o\000n\000e\000\040\000d\000e\000i\000\040\000d\000a\000t\000i}{section.1.4}% 26
\BOOKMARK [1][-]{section.1.5}{\376\377\000F\000o\000r\000m\000a\000t\000o\000\040\000d\000e\000i\000\040\000d\000a\000t\000i}{chapter.1}% 27
\BOOKMARK [2][-]{subsection.1.5.1}{\376\377\000F\000o\000r\000m\000a\000t\000o\000\040\000l\000a\000r\000g\000o}{section.1.5}% 28
\BOOKMARK [2][-]{subsection.1.5.2}{\376\377\000F\000o\000r\000m\000a\000t\000o\000\040\000l\000u\000n\000g\000o}{section.1.5}% 29
\BOOKMARK [2][-]{subsection.1.5.3}{\376\377\000A\000l\000t\000r\000e\000\040\000t\000e\000c\000n\000i\000c\000h\000e\000\040\000d\000i\000\040\000W\000r\000a\000n\000g\000l\000i\000n\000g}{section.1.5}% 30
\BOOKMARK [1][-]{section.1.6}{\376\377\000I\000l\000\040\000f\000l\000u\000s\000s\000o\000\040\000d\000i\000\040\000l\000a\000v\000o\000r\000o\000\040\000d\000e\000l\000l\000'\000A\000n\000a\000l\000i\000s\000i\000\040\000d\000e\000i\000\040\000d\000a\000t\000i}{chapter.1}% 31
\BOOKMARK [2][-]{subsection.1.6.1}{\376\377\000P\000a\000s\000s\000a\000g\000g\000i\000\040\000f\000o\000n\000d\000a\000m\000e\000n\000t\000a\000l\000i}{section.1.6}% 32
\BOOKMARK [0][-]{chapter.2}{\376\377\000V\000i\000s\000u\000a\000l\000i\000z\000z\000a\000z\000i\000o\000n\000e\000\040\000e\000\040\000d\000e\000s\000c\000r\000i\000z\000i\000o\000n\000e\000\040\000d\000e\000i\000\040\000d\000a\000t\000i}{}% 33
\BOOKMARK [1][-]{section.2.1}{\376\377\000F\000r\000e\000q\000u\000e\000n\000z\000e\000\040\000a\000s\000s\000o\000l\000u\000t\000e}{chapter.2}% 34
\BOOKMARK [1][-]{section.2.2}{\376\377\000F\000r\000e\000q\000u\000e\000n\000z\000e\000\040\000r\000e\000l\000a\000t\000i\000v\000e}{chapter.2}% 35
\BOOKMARK [2][-]{subsection.2.2.1}{\376\377\000G\000r\000a\000f\000i\000c\000i\000\040\000a\000\040\000b\000a\000r\000r\000e}{section.2.2}% 36
\BOOKMARK [2][-]{subsection.2.2.2}{\376\377\000G\000r\000a\000f\000i\000c\000i\000\040\000a\000\040\000t\000o\000r\000t\000a}{section.2.2}% 37
\BOOKMARK [1][-]{section.2.3}{\376\377\000E\000C\000D\000F\000\040\000-\000\040\000E\000m\000p\000i\000r\000i\000c\000a\000l\000\040\000C\000u\000m\000u\000l\000a\000t\000i\000v\000e\000\040\000D\000i\000s\000t\000r\000i\000b\000u\000t\000i\000o\000n\000\040\000F\000u\000n\000c\000t\000i\000o\000n}{chapter.2}% 38
\BOOKMARK [1][-]{section.2.4}{\376\377\000I\000s\000t\000o\000g\000r\000a\000m\000m\000i}{chapter.2}% 39
\BOOKMARK [1][-]{section.2.5}{\376\377\000S\000t\000i\000m\000a\000\040\000d\000i\000\040\000d\000e\000n\000s\000i\000t\000\340}{chapter.2}% 40
\BOOKMARK [1][-]{section.2.6}{\376\377\000S\000t\000a\000t\000i\000s\000t\000i\000c\000h\000e\000\040\000d\000i\000\040\000s\000o\000m\000m\000a\000r\000i\000o}{chapter.2}% 41
\BOOKMARK [2][-]{subsection.2.6.1}{\376\377\000D\000i\000m\000e\000n\000s\000i\000o\000n\000e}{section.2.6}% 42
\BOOKMARK [2][-]{subsection.2.6.2}{\376\377\000M\000i\000s\000u\000r\000e\000\040\000d\000i\000\040\000t\000e\000n\000d\000e\000n\000z\000a\000\040\000c\000e\000n\000t\000r\000a\000l\000e}{section.2.6}% 43
\BOOKMARK [1][-]{section.2.7}{\376\377\000M\000i\000s\000u\000r\000e\000\040\000d\000i\000\040\000d\000i\000s\000p\000e\000r\000s\000i\000o\000n\000e}{chapter.2}% 44
\BOOKMARK [2][-]{subsection.2.7.1}{\376\377\000M\000i\000n\000i\000m\000o\000,\000\040\000M\000a\000s\000s\000i\000m\000o}{section.2.7}% 45
\BOOKMARK [2][-]{subsection.2.7.2}{\376\377\000I\000n\000t\000e\000r\000v\000a\000l\000l\000o}{section.2.7}% 46
\BOOKMARK [2][-]{subsection.2.7.3}{\376\377\000I\000n\000t\000e\000r\000v\000a\000l\000l\000o\000\040\000i\000n\000t\000e\000r\000q\000u\000a\000n\000t\000i\000l\000e\000\040\000\050\000I\000Q\000R\000\051}{section.2.7}% 47
\BOOKMARK [2][-]{subsection.2.7.4}{\376\377\000V\000a\000r\000i\000a\000n\000z\000a}{section.2.7}% 48
\BOOKMARK [2][-]{subsection.2.7.5}{\376\377\000D\000e\000v\000i\000a\000z\000i\000o\000n\000e\000\040\000s\000t\000a\000n\000d\000a\000r\000d}{section.2.7}% 49
\BOOKMARK [1][-]{section.2.8}{\376\377\000N\000o\000r\000m\000a\000l\000i\000z\000z\000a\000z\000i\000o\000n\000e}{chapter.2}% 50
\BOOKMARK [2][-]{subsection.2.8.1}{\376\377\000M\000i\000n\000-\000M\000a\000x\000\040\000S\000c\000a\000l\000i\000n\000g}{section.2.8}% 51
\BOOKMARK [2][-]{subsection.2.8.2}{\376\377\000N\000o\000r\000m\000a\000l\000i\000z\000z\000a\000z\000i\000o\000n\000e\000\040\000t\000r\000a\000\040\000-\0001\000\040\000e\000\040\0001}{section.2.8}% 52
\BOOKMARK [2][-]{subsection.2.8.3}{\376\377\000S\000t\000a\000n\000d\000a\000r\000d\000i\000z\000z\000a\000z\000i\000o\000n\000e\000\040\000\050\000Z\000-\000s\000c\000o\000r\000e\000\051}{section.2.8}% 53
\BOOKMARK [1][-]{section.2.9}{\376\377\000I\000n\000d\000i\000c\000a\000t\000o\000r\000i\000\040\000d\000i\000\040\000f\000o\000r\000m\000a}{chapter.2}% 54
\BOOKMARK [2][-]{subsection.2.9.1}{\376\377\000A\000s\000i\000m\000m\000e\000t\000r\000i\000a}{section.2.9}% 55
\BOOKMARK [2][-]{subsection.2.9.2}{\376\377\000C\000u\000r\000t\000o\000s\000i}{section.2.9}% 56
\BOOKMARK [1][-]{section.2.10}{\376\377\000S\000t\000a\000t\000i\000s\000t\000i\000c\000h\000e\000\040\000d\000e\000s\000c\000r\000i\000t\000t\000i\000v\000e}{chapter.2}% 57
\BOOKMARK [0][-]{chapter.3}{\376\377\000P\000r\000o\000b\000a\000b\000i\000l\000i\000t\000\340\000\040\000n\000e\000l\000l\000'\000a\000n\000a\000l\000i\000s\000i\000\040\000d\000e\000i\000\040\000d\000a\000t\000i}{}% 58
\BOOKMARK [1][-]{section.3.1}{\376\377\000E\000s\000p\000e\000r\000i\000m\000e\000n\000t\000i\000\040\000c\000a\000s\000u\000a\000l\000i}{chapter.3}% 59
\BOOKMARK [2][-]{subsection.3.1.1}{\376\377\000S\000p\000a\000z\000i\000o\000\040\000d\000e\000g\000l\000i\000\040\000e\000v\000e\000n\000t\000i}{section.3.1}% 60
\BOOKMARK [1][-]{section.3.2}{\376\377\000V\000a\000r\000i\000a\000b\000i\000l\000i\000\040\000A\000l\000e\000a\000t\000o\000r\000i\000e}{chapter.3}% 61
\BOOKMARK [1][-]{section.3.3}{\376\377\000D\000e\000f\000i\000n\000i\000z\000i\000o\000n\000e\000\040\000d\000e\000i\000\040\000d\000a\000t\000i}{chapter.3}% 62
\BOOKMARK [1][-]{section.3.4}{\376\377\000P\000r\000o\000b\000a\000b\000i\000l\000i\000t\000\340}{chapter.3}% 63
\BOOKMARK [2][-]{subsection.3.4.1}{\376\377\000A\000s\000s\000i\000o\000m\000i}{section.3.4}% 64
\BOOKMARK [2][-]{subsection.3.4.2}{\376\377\000P\000r\000o\000p\000r\000i\000e\000t\000\340}{section.3.4}% 65
\BOOKMARK [2][-]{subsection.3.4.3}{\376\377\000P\000r\000o\000b\000a\000b\000i\000l\000i\000t\000\340\000\040\000d\000i\000\040\000L\000a\000p\000l\000a\000c\000e}{section.3.4}% 66
\BOOKMARK [1][-]{section.3.5}{\376\377\000S\000t\000i\000m\000a\000\040\000d\000i\000\040\000p\000r\000o\000b\000a\000b\000i\000l\000i\000t\000\340\000\040\000d\000a\000l\000l\000e\000\040\000o\000s\000s\000e\000r\000v\000a\000z\000i\000o\000n\000i}{chapter.3}% 67
\BOOKMARK [2][-]{subsection.3.5.1}{\376\377\000A\000p\000p\000r\000o\000c\000c\000i\000o\000\040\000f\000r\000e\000q\000u\000e\000n\000t\000i\000s\000t\000a}{section.3.5}% 68
\BOOKMARK [2][-]{subsection.3.5.2}{\376\377\000A\000p\000p\000r\000o\000c\000c\000i\000o\000\040\000b\000a\000y\000e\000s\000i\000a\000n\000o}{section.3.5}% 69
\BOOKMARK [1][-]{section.3.6}{\376\377\000P\000r\000o\000b\000a\000b\000i\000l\000i\000t\000\340\000\040\000c\000o\000n\000g\000i\000u\000n\000t\000a}{chapter.3}% 70
\BOOKMARK [2][-]{subsection.3.6.1}{\376\377\000R\000e\000g\000o\000l\000a\000\040\000d\000e\000l\000l\000a\000\040\000s\000o\000m\000m\000a}{section.3.6}% 71
\BOOKMARK [1][-]{section.3.7}{\376\377\000P\000r\000o\000b\000a\000b\000i\000l\000i\000t\000\340\000\040\000c\000o\000n\000d\000i\000z\000i\000o\000n\000a\000t\000a}{chapter.3}% 72
\BOOKMARK [2][-]{subsection.3.7.1}{\376\377\000R\000e\000g\000o\000l\000a\000\040\000d\000e\000l\000\040\000p\000r\000o\000d\000o\000t\000t\000o}{section.3.7}% 73
\BOOKMARK [1][-]{section.3.8}{\376\377\000R\000e\000g\000o\000l\000a\000\040\000d\000e\000l\000l\000a\000\040\000c\000a\000t\000e\000n\000a\000\040\000p\000e\000r\000\040\000l\000e\000\040\000p\000r\000o\000b\000a\000b\000i\000l\000i\000t\000\340\000\040\000c\000o\000n\000d\000i\000z\000i\000o\000n\000a\000t\000e}{chapter.3}% 74
\BOOKMARK [1][-]{section.3.9}{\376\377\000I\000n\000d\000i\000p\000e\000n\000d\000e\000n\000z\000a}{chapter.3}% 75
\BOOKMARK [2][-]{subsection.3.9.1}{\376\377\000I\000n\000d\000i\000p\000e\000n\000d\000e\000n\000z\000a\000\040\000c\000o\000n\000d\000i\000z\000i\000o\000n\000a\000t\000a}{section.3.9}% 76
\BOOKMARK [0][-]{chapter.4}{\376\377\000A\000s\000s\000o\000c\000i\000a\000z\000i\000o\000n\000i\000\040\000d\000i\000\040\000v\000a\000r\000i\000a\000b\000i\000l\000i}{}% 77
\BOOKMARK [1][-]{section.4.1}{\376\377\000M\000i\000s\000u\000r\000e\000\040\000d\000i\000\040\000a\000s\000s\000o\000c\000i\000a\000z\000i\000o\000n\000i\000\040\000t\000r\000a\000\040\000v\000a\000r\000i\000a\000b\000i\000l\000i\000\040\000d\000i\000s\000c\000r\000e\000t\000e}{chapter.4}% 78
\BOOKMARK [2][-]{subsection.4.1.1}{\376\377\000I\000n\000d\000i\000p\000e\000n\000d\000e\000n\000z\000a}{section.4.1}% 79
\BOOKMARK [2][-]{subsection.4.1.2}{\376\377\000S\000t\000a\000t\000i\000s\000t\000i\000c\000a\000\040\000d\000i\000\040\000P\000e\000a\000r\000s\000o\000n}{section.4.1}% 80
\BOOKMARK [2][-]{subsection.4.1.3}{\376\377\000S\000t\000a\000t\000i\000s\000t\000i\000c\000a\000\040\000d\000i\000\040\000C\000r\000a\000m\000\351\000r}{section.4.1}% 81
\BOOKMARK [2][-]{subsection.4.1.4}{\376\377\000R\000i\000s\000c\000h\000i\000o\000\040\000r\000e\000l\000a\000t\000i\000v\000o}{section.4.1}% 82
\BOOKMARK [2][-]{subsection.4.1.5}{\376\377\000O\000d\000d\000s\000\040\000R\000a\000t\000i\000o}{section.4.1}% 83
\BOOKMARK [1][-]{section.4.2}{\376\377\000M\000i\000s\000u\000r\000e\000\040\000d\000i\000\040\000a\000s\000s\000o\000c\000i\000a\000z\000i\000o\000n\000i\000\040\000t\000r\000a\000\040\000v\000a\000r\000i\000a\000b\000i\000l\000i\000\040\000c\000o\000n\000t\000i\000n\000u\000e}{chapter.4}% 84
\BOOKMARK [2][-]{subsection.4.2.1}{\376\377\000V\000i\000s\000u\000a\000l\000i\000z\000z\000a\000z\000i\000o\000n\000e\000\040\000g\000r\000a\000f\000i\000c\000a\000\040\000d\000e\000l\000l\000'\000a\000s\000s\000o\000c\000i\000a\000z\000i\000o\000n\000e}{section.4.2}% 85
\BOOKMARK [2][-]{subsection.4.2.2}{\376\377\000C\000o\000v\000a\000r\000i\000a\000n\000z\000a}{section.4.2}% 86
\BOOKMARK [2][-]{subsection.4.2.3}{\376\377\000C\000o\000e\000f\000f\000i\000c\000i\000e\000n\000t\000e\000\040\000d\000i\000\040\000c\000o\000r\000r\000e\000l\000a\000z\000i\000o\000n\000e\000\040\000d\000i\000\040\000P\000e\000a\000r\000s\000o\000n}{section.4.2}% 87
\BOOKMARK [2][-]{subsection.4.2.4}{\376\377\000C\000o\000e\000f\000f\000i\000c\000i\000e\000n\000t\000e\000\040\000d\000i\000\040\000c\000o\000r\000r\000e\000l\000a\000z\000i\000o\000n\000e\000\040\000d\000i\000\040\000S\000p\000e\000a\000r\000m\000a\000n}{section.4.2}% 88
\BOOKMARK [2][-]{subsection.4.2.5}{\376\377\000C\000o\000e\000f\000f\000i\000c\000i\000e\000n\000t\000e\000\040\000d\000i\000\040\000c\000o\000r\000r\000e\000l\000a\000z\000i\000o\000n\000e\000\040\000d\000i\000\040\000K\000e\000n\000d\000a\000l\000l}{section.4.2}% 89
\BOOKMARK [1][-]{section.4.3}{\376\377\000C\000o\000n\000s\000i\000g\000l\000i\000\040\000u\000t\000i\000l\000i\000\040\000s\000u\000\040\000c\000o\000m\000e\000\040\000s\000c\000e\000g\000l\000i\000e\000r\000e\000\040\000l\000a\000\040\000m\000i\000s\000u\000r\000a\000\040\000d\000i\000\040\000a\000s\000s\000o\000c\000i\000a\000z\000i\000o\000n\000e}{chapter.4}% 90
\BOOKMARK [0][-]{chapter.5}{\376\377\000D\000i\000s\000t\000r\000i\000b\000u\000z\000i\000o\000n\000e\000\040\000d\000e\000i\000\040\000d\000a\000t\000i}{}% 91
\BOOKMARK [1][-]{section.5.1}{\376\377\000D\000i\000s\000t\000r\000i\000b\000u\000z\000i\000o\000n\000e\000\040\000d\000i\000\040\000p\000r\000o\000b\000a\000b\000i\000l\000i\000t\000\340}{chapter.5}% 92
\BOOKMARK [1][-]{section.5.2}{\376\377\000D\000i\000s\000t\000r\000i\000b\000u\000z\000i\000o\000n\000i\000\040\000d\000i\000s\000c\000r\000e\000t\000e}{chapter.5}% 93
\BOOKMARK [2][-]{subsection.5.2.1}{\376\377\000F\000u\000n\000z\000i\000o\000n\000e\000\040\000d\000i\000\040\000m\000a\000s\000s\000a\000\040\000d\000i\000\040\000p\000r\000o\000b\000a\000b\000i\000l\000i\000t\000\340\000\040\000\050\000P\000M\000F\000\051}{section.5.2}% 94
\BOOKMARK [2][-]{subsection.5.2.2}{\376\377\000F\000u\000n\000z\000i\000o\000n\000e\000\040\000d\000i\000\040\000d\000i\000s\000t\000r\000i\000b\000u\000z\000i\000o\000n\000e\000\040\000c\000u\000m\000u\000l\000a\000t\000i\000v\000a\000\040\000\050\000C\000D\000F\000\051}{section.5.2}% 95
\BOOKMARK [1][-]{section.5.3}{\376\377\000D\000i\000s\000t\000r\000i\000b\000u\000z\000i\000o\000n\000i\000\040\000c\000o\000n\000t\000i\000n\000u\000e}{chapter.5}% 96
\BOOKMARK [2][-]{subsection.5.3.1}{\376\377\000F\000u\000n\000z\000i\000o\000n\000e\000\040\000d\000i\000\040\000d\000e\000n\000s\000i\000t\000\340\000\040\000d\000i\000\040\000p\000r\000o\000b\000a\000b\000i\000l\000i\000t\000\340\000\040\000\050\000P\000D\000F\000\051}{section.5.3}% 97
\BOOKMARK [2][-]{subsection.5.3.2}{\376\377\000F\000u\000n\000z\000i\000o\000n\000e\000\040\000d\000i\000\040\000d\000i\000s\000t\000r\000i\000b\000u\000z\000i\000o\000n\000e\000\040\000c\000u\000m\000u\000l\000a\000t\000i\000v\000a\000\040\000\050\000C\000D\000F\000\051}{section.5.3}% 98
\BOOKMARK [1][-]{section.5.4}{\376\377\000D\000i\000s\000t\000r\000i\000b\000u\000z\000i\000o\000n\000i\000\040\000d\000i\000\040\000p\000r\000o\000b\000a\000b\000i\000l\000i\000t\000\340\000\040\000c\000o\000m\000u\000n\000i}{chapter.5}% 99
\BOOKMARK [2][-]{subsection.5.4.1}{\376\377\000D\000i\000s\000t\000r\000i\000b\000u\000z\000i\000o\000n\000e\000\040\000u\000n\000i\000f\000o\000r\000m\000e\000\040\000d\000i\000s\000c\000r\000e\000t\000a}{section.5.4}% 100
\BOOKMARK [2][-]{subsection.5.4.2}{\376\377\000D\000i\000s\000t\000r\000i\000b\000u\000z\000i\000o\000n\000e\000\040\000d\000i\000\040\000B\000e\000r\000n\000o\000u\000l\000l\000i}{section.5.4}% 101
\BOOKMARK [2][-]{subsection.5.4.3}{\376\377\000D\000i\000s\000t\000r\000i\000b\000u\000z\000i\000o\000n\000e\000\040\000b\000i\000n\000o\000m\000i\000a\000l\000e}{section.5.4}% 102
\BOOKMARK [2][-]{subsection.5.4.4}{\376\377\000D\000i\000s\000t\000r\000i\000b\000u\000z\000i\000o\000n\000e\000\040\000c\000a\000t\000e\000g\000o\000r\000i\000c\000a}{section.5.4}% 103
\BOOKMARK [2][-]{subsection.5.4.5}{\376\377\000D\000i\000s\000t\000r\000i\000b\000u\000z\000i\000o\000n\000e\000\040\000m\000u\000l\000t\000i\000n\000o\000m\000i\000a\000l\000e}{section.5.4}% 104
\BOOKMARK [2][-]{subsection.5.4.6}{\376\377\000D\000i\000s\000t\000r\000i\000b\000u\000z\000i\000o\000n\000e\000\040\000G\000a\000u\000s\000s\000i\000a\000n\000a\000\040\000\050\000N\000o\000r\000m\000a\000l\000e\000\051}{section.5.4}% 105
\BOOKMARK [2][-]{subsection.5.4.7}{\376\377\000T\000e\000o\000r\000e\000m\000a\000\040\000d\000e\000l\000\040\000l\000i\000m\000i\000t\000e\000\040\000c\000e\000n\000t\000r\000a\000l\000e}{section.5.4}% 106
\BOOKMARK [2][-]{subsection.5.4.8}{\376\377\000D\000i\000s\000t\000r\000i\000b\000u\000z\000i\000o\000n\000e\000\040\000G\000a\000u\000s\000s\000i\000a\000n\000a\000\040\000M\000u\000l\000t\000i\000v\000a\000r\000i\000a\000t\000a}{section.5.4}% 107
\BOOKMARK [1][-]{section.5.5}{\376\377\000D\000e\000s\000c\000r\000i\000v\000e\000r\000e\000\040\000u\000n\000a\000\040\000d\000i\000s\000t\000r\000i\000b\000u\000z\000i\000o\000n\000e\000\040\000d\000i\000\040\000p\000r\000o\000b\000a\000b\000i\000l\000i\000t\000\340}{chapter.5}% 108
\BOOKMARK [2][-]{subsection.5.5.1}{\376\377\000A\000s\000p\000e\000t\000t\000a\000t\000i\000v\000a\000\040\000\050\000m\000e\000d\000i\000a\000\051}{section.5.5}% 109
\BOOKMARK [2][-]{subsection.5.5.2}{\376\377\000V\000a\000r\000i\000a\000n\000z\000a\000\040\000e\000\040\000d\000e\000v\000i\000a\000z\000i\000o\000n\000e\000\040\000s\000t\000a\000n\000d\000a\000r\000d}{section.5.5}% 110
\BOOKMARK [2][-]{subsection.5.5.3}{\376\377\000C\000o\000v\000a\000r\000i\000a\000n\000z\000a}{section.5.5}% 111
\BOOKMARK [2][-]{subsection.5.5.4}{\376\377\000E\000n\000t\000r\000o\000p\000i\000a}{section.5.5}% 112
\BOOKMARK [2][-]{subsection.5.5.5}{\376\377\000S\000t\000a\000n\000d\000a\000r\000d\000i\000z\000z\000a\000z\000i\000o\000n\000e}{section.5.5}% 113
\BOOKMARK [0][-]{chapter.6}{\376\377\000I\000n\000f\000e\000r\000e\000n\000z\000a\000\040\000S\000t\000a\000t\000i\000s\000t\000i\000c\000a}{}% 114
\BOOKMARK [1][-]{section.6.1}{\376\377\000C\000a\000m\000p\000i\000o\000n\000a\000m\000e\000n\000t\000o}{chapter.6}% 115
\BOOKMARK [2][-]{subsection.6.1.1}{\376\377\000C\000a\000m\000p\000i\000o\000n\000a\000m\000e\000n\000t\000o\000\040\000c\000a\000s\000u\000a\000l\000e\000\040\000s\000e\000m\000p\000l\000i\000c\000e}{section.6.1}% 116
\BOOKMARK [2][-]{subsection.6.1.2}{\376\377\000C\000a\000m\000p\000i\000o\000n\000a\000m\000e\000n\000t\000o\000\040\000s\000t\000r\000a\000t\000i\000f\000i\000c\000a\000t\000o}{section.6.1}% 117
\BOOKMARK [1][-]{section.6.2}{\376\377\000C\000a\000m\000p\000i\000o\000n\000a\000r\000e\000\040\000l\000a\000\040\000d\000i\000s\000t\000r\000i\000b\000u\000z\000i\000o\000n\000e\000\040\000d\000e\000l\000l\000a\000\040\000m\000e\000d\000i\000a}{chapter.6}% 118
\BOOKMARK [2][-]{subsection.6.2.1}{\376\377\000E\000r\000r\000o\000r\000e\000\040\000s\000t\000a\000n\000d\000a\000r\000d}{section.6.2}% 119
\BOOKMARK [2][-]{subsection.6.2.2}{\376\377\000D\000i\000s\000t\000r\000i\000b\000u\000z\000i\000o\000n\000e\000\040\000t\000-\000S\000t\000u\000d\000e\000n\000t}{section.6.2}% 120
\BOOKMARK [2][-]{subsection.6.2.3}{\376\377\000I\000n\000t\000e\000r\000v\000a\000l\000l\000o\000\040\000d\000i\000\040\000c\000o\000n\000f\000i\000d\000e\000n\000z\000a}{section.6.2}% 121
\BOOKMARK [1][-]{section.6.3}{\376\377\000B\000o\000o\000t\000s\000t\000r\000a\000p\000p\000i\000n\000g}{chapter.6}% 122
\BOOKMARK [1][-]{section.6.4}{\376\377\000S\000t\000i\000m\000a\000t\000o\000r\000i}{chapter.6}% 123
\BOOKMARK [2][-]{subsection.6.4.1}{\376\377\000S\000t\000i\000m\000a\000t\000o\000r\000e\000\040\000d\000e\000l\000\040\000b\000i\000a\000s}{section.6.4}% 124
\BOOKMARK [2][-]{subsection.6.4.2}{\376\377\000S\000t\000i\000m\000a\000t\000o\000r\000e\000\040\000d\000e\000l\000l\000a\000\040\000v\000a\000r\000i\000a\000n\000z\000a}{section.6.4}% 125
\BOOKMARK [2][-]{subsection.6.4.3}{\376\377\000V\000a\000r\000i\000a\000n\000z\000a\000\040\000d\000i\000\040\000u\000n\000o\000\040\000s\000t\000i\000m\000a\000t\000o\000r\000e}{section.6.4}% 126
\BOOKMARK [2][-]{subsection.6.4.4}{\376\377\000B\000i\000a\000s\000-\000V\000a\000r\000i\000a\000n\000z\000a\000\040\000T\000r\000a\000d\000e\000o\000f\000f}{section.6.4}% 127
\BOOKMARK [1][-]{section.6.5}{\376\377\000T\000e\000s\000t\000\040\000s\000t\000a\000t\000i\000s\000t\000i\000c\000i}{chapter.6}% 128
\BOOKMARK [2][-]{subsection.6.5.1}{\376\377\000T\000e\000s\000t\000\040\000d\000i\000\040\000i\000p\000o\000t\000e\000s\000i}{section.6.5}% 129
\BOOKMARK [2][-]{subsection.6.5.2}{\376\377\000T\000-\000t\000e\000s\000t\000\040\000a\000\040\000u\000n\000\040\000c\000a\000m\000p\000i\000o\000n\000e}{section.6.5}% 130
\BOOKMARK [2][-]{subsection.6.5.3}{\376\377\000T\000-\000t\000e\000s\000t\000\040\000a\000\040\000d\000u\000e\000\040\000c\000a\000m\000p\000i\000o\000n\000i}{section.6.5}% 131
\BOOKMARK [2][-]{subsection.6.5.4}{\376\377\000T\000e\000s\000t\000\040\0002\000\040\000p\000e\000r\000\040\000i\000n\000d\000i\000p\000e\000n\000d\000e\000n\000z\000a}{section.6.5}% 132
\BOOKMARK [2][-]{subsection.6.5.5}{\376\377\000T\000e\000s\000t\000\040\0002\000\040\000d\000i\000\040\000b\000o\000n\000t\000\340\000\040\000d\000i\000\040\000a\000d\000a\000t\000t\000a\000m\000e\000n\000t\000o}{section.6.5}% 133
\BOOKMARK [2][-]{subsection.6.5.6}{\376\377\000T\000e\000s\000t\000\040\000d\000i\000\040\000c\000o\000r\000r\000e\000l\000a\000z\000i\000o\000n\000e\000\040\000d\000i\000\040\000P\000e\000a\000r\000s\000o\000n}{section.6.5}% 134
\BOOKMARK [2][-]{subsection.6.5.7}{\376\377\000T\000e\000s\000t\000\040\000d\000i\000\040\000c\000o\000r\000r\000e\000l\000a\000z\000i\000o\000n\000e\000\040\000d\000i\000\040\000S\000p\000e\000a\000r\000m\000a\000n}{section.6.5}% 135
\BOOKMARK [1][-]{section.6.6}{\376\377\000V\000a\000l\000u\000t\000a\000r\000e\000\040\000q\000u\000a\000n\000d\000o\000\040\000u\000n\000\040\000c\000a\000m\000p\000i\000o\000n\000e\000\040\000\350\000\040\000d\000i\000s\000t\000r\000i\000b\000u\000i\000t\000o\000\040\000n\000o\000r\000m\000a\000l\000m\000e\000n\000t\000e}{chapter.6}% 136
\BOOKMARK [2][-]{subsection.6.6.1}{\376\377\000G\000r\000a\000f\000i\000c\000i\000\040\000Q\000-\000Q}{section.6.6}% 137
\BOOKMARK [2][-]{subsection.6.6.2}{\376\377\000T\000e\000s\000t\000\040\000d\000i\000\040\000n\000o\000r\000m\000a\000l\000i\000t\000\340\000\040\000d\000i\000\040\000S\000h\000a\000p\000i\000r\000o\000-\000W\000i\000l\000k}{section.6.6}% 138
\BOOKMARK [2][-]{subsection.6.6.3}{\376\377\000T\000e\000s\000t\000\040\000K\0002\000\040\000d\000i\000\040\000D\000'\000A\000g\000o\000s\000t\000i\000n\000o}{section.6.6}% 139
\BOOKMARK [0][-]{chapter.7}{\376\377\000A\000n\000a\000l\000i\000s\000i\000\040\000p\000r\000e\000d\000i\000t\000t\000i\000v\000a}{}% 140
\BOOKMARK [1][-]{section.7.1}{\376\377\000M\000o\000d\000e\000l\000l\000o}{chapter.7}% 141
\BOOKMARK [2][-]{subsection.7.1.1}{\376\377\000M\000o\000d\000e\000l\000l\000i\000\040\000p\000r\000e\000d\000i\000t\000t\000i\000v\000i}{section.7.1}% 142
\BOOKMARK [1][-]{section.7.2}{\376\377\000P\000r\000e\000d\000i\000z\000i\000o\000n\000e\000\040\000v\000s\000\040\000S\000p\000i\000e\000g\000a\000z\000i\000o\000n\000e}{chapter.7}% 143
\BOOKMARK [2][-]{subsection.7.2.1}{\376\377\000P\000r\000e\000d\000i\000z\000i\000o\000n\000e}{section.7.2}% 144
\BOOKMARK [2][-]{subsection.7.2.2}{\376\377\000S\000p\000i\000e\000g\000a\000z\000i\000o\000n\000e}{section.7.2}% 145
\BOOKMARK [2][-]{subsection.7.2.3}{\376\377\000C\000o\000m\000p\000r\000o\000m\000e\000s\000s\000o\000\040\000t\000r\000a\000\040\000P\000r\000e\000d\000i\000z\000i\000o\000n\000e\000\040\000e\000\040\000S\000p\000i\000e\000g\000a\000z\000i\000o\000n\000e}{section.7.2}% 146
\BOOKMARK [1][-]{section.7.3}{\376\377\000S\000t\000a\000t\000i\000s\000t\000i\000c\000a\000\040\000v\000s\000\040\000M\000a\000c\000h\000i\000n\000e\000\040\000L\000e\000a\000r\000n\000i\000n\000g}{chapter.7}% 147
\BOOKMARK [2][-]{subsection.7.3.1}{\376\377\000A\000p\000p\000r\000o\000c\000c\000i\000o\000\040\000s\000t\000a\000t\000i\000s\000t\000i\000c\000o}{section.7.3}% 148
\BOOKMARK [2][-]{subsection.7.3.2}{\376\377\000A\000p\000p\000r\000o\000c\000c\000i\000o\000\040\000d\000i\000\040\000M\000a\000c\000h\000i\000n\000e\000\040\000L\000e\000a\000r\000n\000i\000n\000g}{section.7.3}% 149
\BOOKMARK [2][-]{subsection.7.3.3}{\376\377\000T\000r\000a\000d\000e\000-\000O\000f\000f\000\040\000d\000i\000\040\000C\000o\000m\000p\000l\000e\000s\000s\000i\000t\000\340\000-\000I\000n\000t\000e\000r\000p\000r\000e\000t\000a\000b\000i\000l\000i\000t\000\340}{section.7.3}% 150
\BOOKMARK [1][-]{section.7.4}{\376\377\000T\000i\000p\000o\000l\000o\000g\000i\000e\000\040\000d\000i\000\040\000p\000r\000o\000b\000l\000e\000m\000a}{chapter.7}% 151
\BOOKMARK [2][-]{subsection.7.4.1}{\376\377\000R\000e\000g\000r\000e\000s\000s\000i\000o\000n\000e}{section.7.4}% 152
\BOOKMARK [2][-]{subsection.7.4.2}{\376\377\000C\000l\000a\000s\000s\000i\000f\000i\000c\000a\000z\000i\000o\000n\000e}{section.7.4}% 153
\BOOKMARK [2][-]{subsection.7.4.3}{\376\377\000C\000l\000u\000s\000t\000e\000r\000i\000n\000g}{section.7.4}% 154
\BOOKMARK [1][-]{section.7.5}{\376\377\000M\000o\000d\000e\000l\000l\000i\000\040\000p\000a\000r\000a\000m\000e\000t\000r\000i\000c\000i\000\040\000v\000s\000\040\000M\000o\000d\000e\000l\000l\000i\000\040\000n\000o\000n\000\040\000p\000a\000r\000a\000m\000e\000t\000r\000i\000c\000i}{chapter.7}% 155
\BOOKMARK [2][-]{subsection.7.5.1}{\376\377\000M\000o\000d\000e\000l\000l\000i\000\040\000p\000a\000r\000a\000m\000e\000t\000r\000i\000c\000i}{section.7.5}% 156
\BOOKMARK [2][-]{subsection.7.5.2}{\376\377\000M\000o\000d\000e\000l\000l\000i\000\040\000n\000o\000n\000\040\000p\000a\000r\000a\000m\000e\000t\000r\000i\000c\000i}{section.7.5}% 157
\BOOKMARK [1][-]{section.7.6}{\376\377\000L\000e\000a\000r\000n\000i\000n\000g}{chapter.7}% 158
\BOOKMARK [2][-]{subsection.7.6.1}{\376\377\000D\000e\000f\000i\000n\000i\000z\000i\000o\000n\000e\000\040\000f\000o\000r\000m\000a\000l\000e}{section.7.6}% 159
\BOOKMARK [2][-]{subsection.7.6.2}{\376\377\000I\000l\000\040\000p\000r\000o\000c\000e\000s\000s\000o\000\040\000d\000i\000\040\000L\000e\000a\000r\000n\000i\000n\000g}{section.7.6}% 160
\BOOKMARK [2][-]{subsection.7.6.3}{\376\377\000E\000R\000M\000:\000\040\000E\000m\000p\000i\000r\000i\000c\000a\000l\000\040\000R\000i\000s\000k\000\040\000M\000i\000n\000i\000m\000i\000z\000a\000t\000i\000o\000n}{section.7.6}% 161
\BOOKMARK [1][-]{section.7.7}{\376\377\000C\000a\000p\000a\000c\000i\000t\000\340\000\040\000d\000e\000l\000\040\000m\000o\000d\000e\000l\000l\000o}{chapter.7}% 162
\BOOKMARK [2][-]{subsection.7.7.1}{\376\377\000M\000i\000s\000u\000r\000a\000r\000e\000\040\000l\000a\000\040\000c\000a\000p\000a\000c\000i\000t\000\340\000\040\000d\000e\000l\000\040\000m\000o\000d\000e\000l\000l\000o}{section.7.7}% 163
\BOOKMARK [2][-]{subsection.7.7.2}{\376\377\000B\000i\000a\000s\000\040\000e\000\040\000V\000a\000r\000i\000a\000n\000z\000a}{section.7.7}% 164
\BOOKMARK [2][-]{subsection.7.7.3}{\376\377\000P\000a\000r\000a\000m\000e\000t\000r\000i\000\040\000v\000s\000\040\000I\000p\000e\000r\000p\000a\000r\000a\000m\000e\000t\000r\000i}{section.7.7}% 165
\BOOKMARK [1][-]{section.7.8}{\376\377\000S\000e\000l\000e\000z\000i\000o\000n\000e\000\040\000d\000e\000l\000\040\000m\000o\000d\000e\000l\000l\000o}{chapter.7}% 166
\BOOKMARK [2][-]{subsection.7.8.1}{\376\377\000A\000p\000p\000r\000o\000c\000c\000i\000o\000\040\0001\000:\000\040\000s\000e\000l\000e\000z\000i\000o\000n\000e\000\040\000s\000t\000a\000t\000i\000s\000t\000i\000c\000a}{section.7.8}% 167
\BOOKMARK [2][-]{subsection.7.8.2}{\376\377\000A\000p\000p\000r\000o\000c\000c\000i\000o\000\040\0002\000:\000\040\000s\000e\000l\000e\000z\000i\000o\000n\000e\000\040\000p\000r\000e\000d\000i\000t\000t\000i\000v\000a}{section.7.8}% 168
\BOOKMARK [2][-]{subsection.7.8.3}{\376\377\000V\000a\000l\000i\000d\000a\000z\000i\000o\000n\000e\000\040\000H\000o\000l\000d\000o\000u\000t}{section.7.8}% 169
\BOOKMARK [2][-]{subsection.7.8.4}{\376\377\000K\000-\000F\000o\000l\000d\000\040\000C\000r\000o\000s\000s\000-\000V\000a\000l\000i\000d\000a\000t\000i\000o\000n}{section.7.8}% 170
\BOOKMARK [2][-]{subsection.7.8.5}{\376\377\000L\000e\000a\000v\000e\000-\000O\000n\000e\000-\000O\000u\000t\000\040\000C\000r\000o\000s\000s\000-\000V\000a\000l\000i\000d\000a\000t\000i\000o\000n\000\040\000\050\000L\000O\000O\000C\000V\000\051}{section.7.8}% 171
\BOOKMARK [2][-]{subsection.7.8.6}{\376\377\000O\000t\000t\000i\000m\000i\000z\000z\000a\000z\000i\000o\000n\000e\000\040\000d\000e\000g\000l\000i\000\040\000i\000p\000e\000r\000p\000a\000r\000a\000m\000e\000t\000r\000i}{section.7.8}% 172
\BOOKMARK [0][-]{chapter.8}{\376\377\000R\000e\000g\000r\000e\000s\000s\000i\000o\000n\000e\000\040\000l\000i\000n\000e\000a\000r\000e}{}% 173
\BOOKMARK [1][-]{section.8.1}{\376\377\000F\000o\000r\000m\000a\000l\000i\000z\000z\000a\000z\000i\000o\000n\000e\000\040\000d\000e\000l\000l\000a\000\040\000r\000e\000g\000r\000e\000s\000s\000i\000o\000n\000e}{chapter.8}% 174
\BOOKMARK [1][-]{section.8.2}{\376\377\000R\000e\000g\000r\000e\000s\000s\000i\000o\000n\000e\000\040\000l\000i\000n\000e\000a\000r\000e\000\040\000s\000e\000m\000p\000l\000i\000c\000e}{chapter.8}% 175
\BOOKMARK [2][-]{subsection.8.2.1}{\376\377\000A\000n\000a\000l\000o\000g\000i\000a\000\040\000g\000e\000o\000m\000e\000t\000r\000i\000c\000a\000\040\000c\000o\000n\000\040\000u\000n\000a\000\040\000r\000e\000t\000t\000a}{section.8.2}% 176
\BOOKMARK [2][-]{subsection.8.2.2}{\376\377\000O\000L\000S\000:\000\040\000O\000r\000d\000i\000n\000a\000r\000y\000\040\000L\000e\000a\000s\000t\000\040\000S\000q\000u\000a\000r\000e\000s}{section.8.2}% 177
\BOOKMARK [2][-]{subsection.8.2.3}{\376\377\000I\000n\000t\000e\000r\000v\000a\000l\000l\000i\000\040\000d\000i\000\040\000c\000o\000n\000f\000i\000d\000e\000n\000z\000a\000\040\000p\000e\000r\000\040\000i\000\040\000c\000o\000e\000f\000f\000i\000c\000i\000e\000n\000t\000i}{section.8.2}% 178
\BOOKMARK [2][-]{subsection.8.2.4}{\376\377\000T\000e\000s\000t\000\040\000s\000t\000a\000t\000i\000s\000t\000i\000c\000i\000\040\000p\000e\000r\000\040\000l\000a\000\040\000s\000i\000g\000n\000i\000f\000i\000c\000a\000t\000i\000v\000i\000t\000\340\000\040\000d\000e\000i\000\040\000c\000o\000e\000f\000f\000i\000c\000i\000e\000n\000t\000i}{section.8.2}% 179
\BOOKMARK [1][-]{section.8.3}{\376\377\000V\000a\000l\000u\000t\000a\000z\000i\000o\000n\000e\000\040\000d\000e\000l\000\040\000m\000o\000d\000e\000l\000l\000o\000\040\000d\000i\000\040\000r\000e\000g\000r\000e\000s\000s\000i\000o\000n\000e}{chapter.8}% 180
\BOOKMARK [2][-]{subsection.8.3.1}{\376\377\000M\000e\000t\000r\000i\000c\000h\000e\000\040\000p\000e\000r\000\040\000l\000a\000\040\000b\000o\000n\000t\000\340\000\040\000d\000e\000l\000\040\000m\000o\000d\000e\000l\000l\000o}{section.8.3}% 181
\BOOKMARK [2][-]{subsection.8.3.2}{\376\377\000G\000r\000a\000f\000i\000c\000i\000\040\000d\000i\000\040\000d\000i\000a\000g\000n\000o\000s\000t\000i\000c\000a}{section.8.3}% 182
\BOOKMARK [1][-]{section.8.4}{\376\377\000R\000e\000g\000r\000e\000s\000s\000i\000o\000n\000e\000\040\000l\000i\000n\000e\000a\000r\000e\000\040\000m\000u\000l\000t\000i\000v\000a\000r\000i\000a\000t\000a}{chapter.8}% 183
\BOOKMARK [2][-]{subsection.8.4.1}{\376\377\000I\000n\000t\000e\000r\000p\000r\000e\000t\000a\000z\000i\000o\000n\000e\000\040\000g\000e\000o\000m\000e\000t\000r\000i\000c\000a}{section.8.4}% 184
\BOOKMARK [2][-]{subsection.8.4.2}{\376\377\000I\000n\000t\000e\000r\000p\000r\000e\000t\000a\000z\000i\000o\000n\000e\000\040\000s\000t\000a\000t\000i\000s\000t\000i\000c\000a}{section.8.4}% 185
\BOOKMARK [2][-]{subsection.8.4.3}{\376\377\000S\000t\000i\000m\000a\000\040\000d\000e\000i\000\040\000c\000o\000e\000f\000f\000f\000i\000c\000i\000e\000n\000t\000i\000\040\000d\000i\000\040\000r\000e\000g\000r\000e\000s\000s\000i\000o\000n\000e}{section.8.4}% 186
\BOOKMARK [2][-]{subsection.8.4.4}{\376\377\000F\000-\000T\000e\000s\000t}{section.8.4}% 187
\BOOKMARK [2][-]{subsection.8.4.5}{\376\377\000E\000l\000i\000m\000i\000n\000a\000z\000i\000o\000n\000e\000\040\000b\000a\000c\000k\000w\000a\000r\000d\000\040\000d\000e\000l\000l\000e\000\040\000v\000a\000r\000i\000a\000b\000i\000l\000i}{section.8.4}% 188
\BOOKMARK [2][-]{subsection.8.4.6}{\376\377\000C\000o\000l\000i\000n\000e\000a\000r\000i\000t\000\340\000\040\000e\000\040\000i\000n\000s\000t\000a\000b\000i\000l\000i\000t\000\340\000\040\000d\000i\000\040\000O\000L\000S}{section.8.4}% 189
\BOOKMARK [2][-]{subsection.8.4.7}{\376\377\000A\000d\000j\000u\000s\000t\000e\000d\000\040\000R\0002}{section.8.4}% 190
\BOOKMARK [1][-]{section.8.5}{\376\377\000P\000r\000e\000d\000i\000t\000t\000o\000r\000i\000\040\000q\000u\000a\000l\000i\000t\000a\000t\000i\000v\000i}{chapter.8}% 191
\BOOKMARK [2][-]{subsection.8.5.1}{\376\377\000V\000a\000r\000i\000a\000b\000i\000l\000i\000\040\000d\000u\000m\000m\000y}{section.8.5}% 192
\BOOKMARK [0][-]{chapter.9}{\376\377\000O\000l\000t\000r\000e\000\040\000l\000a\000\040\000r\000e\000g\000r\000e\000s\000s\000i\000o\000n\000e\000\040\000l\000i\000n\000e\000a\000r\000e}{}% 193
\BOOKMARK [1][-]{section.9.1}{\376\377\000I\000n\000t\000e\000r\000a\000z\000i\000o\000n\000e\000\040\000t\000r\000a\000\040\000v\000a\000r\000i\000a\000b\000i\000l\000i}{chapter.9}% 194
\BOOKMARK [2][-]{subsection.9.1.1}{\376\377\000I\000n\000t\000e\000r\000p\000r\000e\000t\000a\000z\000i\000o\000n\000e\000\040\000d\000e\000i\000\040\000c\000o\000e\000f\000f\000i\000c\000i\000e\000n\000t\000i}{section.9.1}% 195
\BOOKMARK [1][-]{section.9.2}{\376\377\000R\000e\000g\000r\000e\000s\000s\000i\000o\000n\000e\000\040\000p\000o\000l\000i\000n\000o\000m\000i\000a\000l\000e}{chapter.9}% 196
\BOOKMARK [2][-]{subsection.9.2.1}{\376\377\000R\000e\000g\000r\000e\000s\000s\000i\000o\000n\000e\000\040\000q\000u\000a\000d\000r\000a\000t\000i\000c\000a}{section.9.2}% 197
\BOOKMARK [2][-]{subsection.9.2.2}{\376\377\000P\000o\000l\000i\000n\000o\000m\000i\000\040\000d\000i\000\040\000g\000r\000a\000d\000o\000\040\000s\000u\000p\000e\000r\000i\000o\000r\000e}{section.9.2}% 198
\BOOKMARK [2][-]{subsection.9.2.3}{\376\377\000P\000r\000o\000b\000l\000e\000m\000a\000\040\000d\000e\000l\000l\000'\000i\000n\000t\000e\000r\000p\000r\000e\000t\000a\000b\000i\000l\000i\000t\000\340}{section.9.2}% 199
\BOOKMARK [2][-]{subsection.9.2.4}{\376\377\000M\000e\000t\000r\000i\000c\000h\000e\000\040\000d\000i\000\040\000p\000r\000e\000d\000i\000z\000i\000o\000n\000e}{section.9.2}% 200
\BOOKMARK [2][-]{subsection.9.2.5}{\376\377\000M\000S\000E\000:\000\040\000M\000e\000a\000n\000\040\000S\000q\000u\000a\000r\000e\000d\000\040\000E\000r\000r\000o\000r}{section.9.2}% 201
\BOOKMARK [2][-]{subsection.9.2.6}{\376\377\000R\000M\000S\000E\000:\000\040\000R\000o\000o\000t\000\040\000M\000e\000a\000n\000\040\000S\000q\000u\000a\000r\000e\000d\000\040\000E\000r\000r\000o\000r}{section.9.2}% 202
\BOOKMARK [2][-]{subsection.9.2.7}{\376\377\000M\000A\000E\000:\000\040\000M\000e\000a\000n\000\040\000A\000b\000s\000o\000l\000u\000t\000e\000\040\000E\000r\000r\000o\000r}{section.9.2}% 203
\BOOKMARK [1][-]{section.9.3}{\376\377\000O\000v\000e\000r\000f\000i\000t\000t\000i\000n\000g}{chapter.9}% 204
\BOOKMARK [2][-]{subsection.9.3.1}{\376\377\000R\000e\000g\000o\000l\000a\000r\000i\000z\000z\000a\000z\000i\000o\000n\000e}{section.9.3}% 205
\BOOKMARK [2][-]{subsection.9.3.2}{\376\377\000B\000i\000a\000s\000-\000V\000a\000r\000i\000a\000n\000z\000a\000\040\000t\000r\000a\000d\000e\000-\000o\000f\000f\000\040\000c\000o\000n\000\040\000l\000a\000\040\000r\000e\000g\000o\000l\000a\000r\000i\000z\000z\000a\000z\000i\000o\000n\000e}{section.9.3}% 206
\BOOKMARK [0][-]{chapter.10}{\376\377\000C\000l\000a\000s\000s\000i\000f\000i\000c\000a\000z\000i\000o\000n\000e}{}% 207
\BOOKMARK [1][-]{section.10.1}{\376\377\000D\000e\000f\000i\000n\000i\000z\000i\000o\000n\000e\000\040\000f\000o\000r\000m\000a\000l\000e}{chapter.10}% 208
\BOOKMARK [1][-]{section.10.2}{\376\377\000M\000i\000s\000u\000r\000e\000\040\000d\000i\000\040\000v\000a\000l\000u\000t\000a\000z\000i\000o\000n\000e}{chapter.10}% 209
\BOOKMARK [2][-]{subsection.10.2.1}{\376\377\000A\000c\000c\000u\000r\000a\000t\000e\000z\000z\000a}{section.10.2}% 210
\BOOKMARK [2][-]{subsection.10.2.2}{\376\377\000T\000i\000p\000i\000\040\000d\000i\000\040\000e\000r\000r\000o\000r\000i}{section.10.2}% 211
\BOOKMARK [2][-]{subsection.10.2.3}{\376\377\000M\000a\000t\000r\000i\000c\000e\000\040\000d\000i\000\040\000c\000o\000n\000f\000u\000s\000i\000o\000n\000e}{section.10.2}% 212
\BOOKMARK [2][-]{subsection.10.2.4}{\376\377\000P\000r\000e\000c\000i\000s\000i\000o\000n\000\040\000e\000\040\000r\000e\000c\000a\000l\000l}{section.10.2}% 213
\BOOKMARK [2][-]{subsection.10.2.5}{\376\377\000F\0001\000-\000s\000c\000o\000r\000e}{section.10.2}% 214
\BOOKMARK [2][-]{subsection.10.2.6}{\376\377\000M\000a\000t\000r\000i\000c\000e\000\040\000d\000i\000\040\000c\000o\000n\000f\000u\000s\000i\000o\000n\000e\000\040\000m\000u\000l\000t\000i\000c\000l\000a\000s\000s\000e}{section.10.2}% 215
\BOOKMARK [2][-]{subsection.10.2.7}{\376\377\000R\000O\000C\000\040\000e\000\040\000A\000U\000C}{section.10.2}% 216
\BOOKMARK [1][-]{section.10.3}{\376\377\000K\000-\000N\000e\000a\000r\000e\000s\000t\000\040\000N\000e\000i\000g\000h\000b\000o\000r\000s\000\040\000\050\000K\000N\000N\000\051}{chapter.10}% 217
\BOOKMARK [2][-]{subsection.10.3.1}{\376\377\0001\000-\000N\000N}{section.10.3}% 218
\BOOKMARK [2][-]{subsection.10.3.2}{\376\377\000K\000-\000N\000N}{section.10.3}% 219
\BOOKMARK [1][-]{section.10.4}{\376\377\000C\000u\000r\000s\000e\000\040\000o\000f\000\040\000d\000i\000m\000e\000n\000s\000i\000o\000n\000a\000l\000i\000t\000y}{chapter.10}% 220
\BOOKMARK [2][-]{subsection.10.4.1}{\376\377\000S\000p\000a\000z\000i\000o\000\040\000v\000u\000o\000t\000o}{section.10.4}% 221
\BOOKMARK [2][-]{subsection.10.4.2}{\376\377\000I\000m\000p\000a\000t\000t\000o\000\040\000s\000u\000\040\000K\000-\000N\000N}{section.10.4}% 222
\BOOKMARK [1][-]{section.10.5}{\376\377\000C\000l\000a\000s\000s\000i\000f\000i\000c\000a\000t\000o\000r\000i\000\040\000d\000i\000s\000c\000r\000i\000m\000i\000n\000a\000t\000i\000v\000i\000\040\000e\000\040\000g\000e\000n\000e\000r\000a\000t\000i\000v\000i}{chapter.10}% 223
\BOOKMARK [2][-]{subsection.10.5.1}{\376\377\000C\000l\000a\000s\000s\000i\000f\000i\000c\000a\000t\000o\000r\000i\000\040\000d\000i\000s\000c\000r\000i\000m\000i\000n\000a\000t\000i\000v\000i}{section.10.5}% 224
\BOOKMARK [2][-]{subsection.10.5.2}{\376\377\000C\000l\000a\000s\000s\000i\000f\000i\000c\000a\000t\000o\000r\000i\000\040\000g\000e\000n\000e\000r\000a\000t\000i\000v\000i}{section.10.5}% 225
\BOOKMARK [2][-]{subsection.10.5.3}{\376\377\000M\000a\000c\000r\000o\000,\000\040\000M\000i\000c\000r\000o\000\040\000e\000\040\000W\000e\000i\000g\000h\000t\000e\000d\000\040\000A\000v\000e\000r\000a\000g\000i\000n\000g}{section.10.5}% 226
\BOOKMARK [2][-]{subsection.10.5.4}{\376\377\000D\000e\000c\000i\000s\000i\000o\000n\000\040\000B\000o\000u\000n\000d\000a\000r\000y}{section.10.5}% 227
\BOOKMARK [1][-]{section.10.6}{\376\377\000K\000-\000N\000N\000\040\000p\000e\000r\000\040\000r\000e\000g\000r\000e\000s\000s\000i\000o\000n\000e}{chapter.10}% 228
\BOOKMARK [2][-]{subsection.10.6.1}{\376\377\000B\000i\000a\000s\000-\000V\000a\000r\000i\000a\000n\000z\000a\000\040\000t\000r\000a\000d\000e\000-\000o\000f\000f}{section.10.6}% 229
\BOOKMARK [0][-]{chapter.11}{\376\377\000R\000e\000g\000r\000e\000s\000s\000i\000o\000n\000e\000\040\000l\000o\000g\000i\000s\000t\000i\000c\000a}{}% 230
\BOOKMARK [1][-]{section.11.1}{\376\377\000M\000o\000d\000e\000l\000l\000o\000\040\000d\000i\000\040\000r\000e\000g\000r\000e\000s\000s\000i\000o\000n\000e\000\040\000l\000o\000g\000i\000s\000t\000i\000c\000a}{chapter.11}% 231
\BOOKMARK [2][-]{subsection.11.1.1}{\376\377\000F\000u\000n\000z\000i\000o\000n\000e\000\040\000l\000o\000g\000i\000s\000t\000i\000c\000a}{section.11.1}% 232
\BOOKMARK [2][-]{subsection.11.1.2}{\376\377\000M\000o\000d\000e\000l\000l\000o\000\040\000d\000i\000\040\000r\000e\000g\000r\000e\000s\000s\000i\000o\000n\000e\000\040\000l\000o\000g\000i\000s\000t\000i\000c\000a}{section.11.1}% 233
\BOOKMARK [2][-]{subsection.11.1.3}{\376\377\000O\000d\000d\000s}{section.11.1}% 234
\BOOKMARK [2][-]{subsection.11.1.4}{\376\377\000L\000o\000g\000-\000o\000d\000d\000s}{section.11.1}% 235
\BOOKMARK [1][-]{section.11.2}{\376\377\000S\000t\000i\000m\000a\000\040\000d\000e\000i\000\040\000p\000a\000r\000a\000m\000e\000t\000r\000i}{chapter.11}% 236
\BOOKMARK [2][-]{subsection.11.2.1}{\376\377\000I\000n\000t\000e\000r\000p\000r\000e\000t\000a\000z\000i\000o\000n\000e\000\040\000p\000r\000o\000b\000a\000b\000i\000l\000i\000s\000t\000i\000c\000a\000\040\000d\000e\000l\000\040\000m\000o\000d\000e\000l\000l\000o}{section.11.2}% 237
\BOOKMARK [2][-]{subsection.11.2.2}{\376\377\000C\000r\000o\000s\000s\000-\000e\000n\000t\000r\000o\000p\000y\000\040\000l\000o\000s\000s}{section.11.2}% 238
\BOOKMARK [2][-]{subsection.11.2.3}{\376\377\000V\000i\000s\000u\000a\000l\000i\000z\000z\000a\000z\000i\000o\000n\000e\000\040\000d\000e\000l\000l\000a\000\040\000c\000r\000o\000s\000s\000-\000e\000n\000t\000r\000o\000p\000y\000\040\000l\000o\000s\000s}{section.11.2}% 239
\BOOKMARK [1][-]{section.11.3}{\376\377\000I\000n\000t\000e\000r\000p\000r\000e\000t\000a\000z\000i\000o\000n\000e\000\040\000s\000t\000a\000t\000i\000s\000t\000i\000c\000a\000\040\000d\000e\000i\000\040\000c\000o\000e\000f\000f\000i\000c\000i\000e\000n\000t\000i}{chapter.11}% 240
\BOOKMARK [2][-]{subsection.11.3.1}{\376\377\000I\000n\000t\000e\000r\000p\000r\000e\000t\000a\000z\000i\000o\000n\000e\000\040\000d\000e\000l\000l\000'\000i\000n\000t\000e\000r\000c\000e\000t\000t\000a}{section.11.3}% 241
\BOOKMARK [2][-]{subsection.11.3.2}{\376\377\000I\000n\000t\000e\000r\000p\000r\000e\000t\000a\000z\000i\000o\000n\000e\000\040\000d\000e\000i\000\040\000c\000o\000e\000f\000f\000i\000c\000i\000e\000n\000t\000i\000\040\000d\000e\000l\000l\000e\000\040\000v\000a\000r\000i\000a\000b\000i\000l\000i\000\040\000i\000n\000d\000i\000p\000e\000n\000d\000e\000n\000t\000i}{section.11.3}% 242
\BOOKMARK [1][-]{section.11.4}{\376\377\000V\000a\000l\000u\000t\000a\000z\000i\000o\000n\000e\000\040\000d\000e\000l\000l\000a\000\040\000r\000e\000g\000r\000e\000s\000s\000i\000o\000n\000e\000\040\000l\000o\000g\000i\000s\000t\000i\000c\000a}{chapter.11}% 243
\BOOKMARK [2][-]{subsection.11.4.1}{\376\377\000P\000s\000e\000u\000d\000o\000\040\000R\0002}{section.11.4}% 244
\BOOKMARK [1][-]{section.11.5}{\376\377\000R\000e\000g\000r\000e\000s\000s\000i\000o\000n\000e\000\040\000l\000o\000g\000i\000s\000t\000i\000c\000a\000\040\000m\000u\000l\000t\000i\000c\000l\000a\000s\000s\000e}{chapter.11}% 245
\BOOKMARK [2][-]{subsection.11.5.1}{\376\377\000M\000o\000d\000e\000l\000l\000o\000\040\000d\000i\000\040\000r\000e\000g\000r\000e\000s\000s\000i\000o\000n\000e\000\040\000l\000o\000g\000i\000s\000t\000i\000c\000a\000\040\000m\000u\000l\000t\000i\000c\000l\000a\000s\000s\000e}{section.11.5}% 246
\BOOKMARK [2][-]{subsection.11.5.2}{\376\377\000I\000n\000t\000e\000r\000p\000r\000e\000t\000a\000z\000i\000o\000n\000e\000\040\000g\000e\000o\000m\000e\000t\000r\000i\000c\000a\000\040\000d\000e\000i\000\040\000c\000o\000e\000f\000f\000i\000c\000i\000e\000n\000t\000i}{section.11.5}% 247
\BOOKMARK [1][-]{section.11.6}{\376\377\000R\000e\000g\000r\000e\000s\000s\000i\000o\000n\000e\000\040\000s\000o\000f\000t\000m\000a\000x}{chapter.11}% 248
\BOOKMARK [2][-]{subsection.11.6.1}{\376\377\000F\000u\000n\000z\000i\000o\000n\000e\000\040\000s\000o\000f\000t\000m\000a\000x}{section.11.6}% 249
\BOOKMARK [2][-]{subsection.11.6.2}{\376\377\000I\000n\000t\000e\000r\000p\000r\000e\000t\000a\000z\000i\000o\000n\000e\000\040\000g\000e\000o\000m\000e\000t\000r\000i\000c\000a\000\040\000d\000e\000i\000\040\000c\000o\000e\000f\000f\000i\000c\000i\000e\000n\000t\000i}{section.11.6}% 250
\BOOKMARK [1][-]{section.11.7}{\376\377\000A\000l\000t\000r\000i\000\040\000m\000o\000d\000i\000\040\000d\000i\000\040\000r\000e\000g\000r\000e\000s\000s\000i\000o\000n\000e\000\040\000m\000u\000l\000t\000i\000c\000l\000a\000s\000s\000e}{chapter.11}% 251
\BOOKMARK [2][-]{subsection.11.7.1}{\376\377\000O\000n\000e\000-\000v\000s\000-\000R\000e\000s\000t\000\040\000\050\000O\000v\000R\000\051}{section.11.7}% 252
\BOOKMARK [2][-]{subsection.11.7.2}{\376\377\000O\000n\000e\000-\000v\000s\000-\000O\000n\000e\000\040\000\050\000O\000v\000O\000\051}{section.11.7}% 253
\BOOKMARK [0][-]{chapter.12}{\376\377\000C\000l\000a\000s\000s\000i\000f\000i\000c\000a\000t\000o\000r\000i\000\040\000g\000e\000n\000e\000r\000a\000t\000i\000v\000i}{}% 254
\BOOKMARK [1][-]{section.12.1}{\376\377\000M\000A\000P\000:\000\040\000M\000a\000x\000i\000m\000u\000m\000\040\000A\000\040\000P\000o\000s\000t\000e\000r\000i\000o\000r\000i}{chapter.12}% 255
\BOOKMARK [2][-]{subsection.12.1.1}{\376\377\000P\000r\000o\000b\000a\000b\000i\000l\000i\000t\000\340\000\040\000a\000\040\000p\000r\000i\000o\000r\000i}{section.12.1}% 256
\BOOKMARK [2][-]{subsection.12.1.2}{\376\377\000L\000i\000k\000e\000l\000i\000h\000o\000o\000d}{section.12.1}% 257
\BOOKMARK [1][-]{section.12.2}{\376\377\000I\000l\000\040\000p\000r\000o\000b\000l\000e\000m\000a\000\040\000d\000e\000l\000l\000a\000\040\000l\000i\000k\000e\000l\000i\000h\000o\000o\000d}{chapter.12}% 258
\BOOKMARK [2][-]{subsection.12.2.1}{\376\377\000I\000l\000\040\000m\000o\000d\000e\000l\000l\000o\000\040\000i\000d\000e\000a\000l\000e\000\040\000n\000e\000i\000\040\000d\000a\000t\000i\000\040\000d\000i\000s\000c\000r\000e\000t\000i}{section.12.2}% 259
\BOOKMARK [2][-]{subsection.12.2.2}{\376\377\000I\000l\000\040\000m\000o\000d\000e\000l\000l\000o\000\040\000i\000d\000e\000a\000l\000e\000\040\000n\000e\000i\000\040\000d\000a\000t\000i\000\040\000c\000o\000n\000t\000i\000n\000u\000i}{section.12.2}% 260
\BOOKMARK [1][-]{section.12.3}{\376\377\000N\000a\000i\000v\000e\000\040\000B\000a\000y\000e\000s}{chapter.12}% 261
\BOOKMARK [2][-]{subsection.12.3.1}{\376\377\000A\000s\000s\000u\000n\000z\000i\000o\000n\000e\000\040\000d\000i\000\040\000i\000n\000d\000i\000p\000e\000n\000d\000e\000n\000z\000a\000\040\000c\000o\000n\000d\000i\000z\000i\000o\000n\000a\000t\000a}{section.12.3}% 262
\BOOKMARK [1][-]{section.12.4}{\376\377\000N\000a\000i\000v\000e\000\040\000B\000a\000y\000e\000s\000\040\000G\000a\000u\000s\000s\000i\000a\000n\000o}{chapter.12}% 263
\BOOKMARK [2][-]{subsection.12.4.1}{\376\377\000I\000m\000p\000l\000i\000c\000a\000z\000i\000o\000n\000i\000\040\000d\000e\000l\000l\000e\000\040\000a\000s\000s\000u\000n\000z\000i\000o\000n\000i\000\040\000d\000i\000\040\000N\000a\000i\000v\000e\000\040\000B\000a\000y\000e\000s\000\040\000g\000a\000u\000s\000s\000i\000a\000n\000o}{section.12.4}% 264
\BOOKMARK [2][-]{subsection.12.4.2}{\376\377\000C\000o\000n\000f\000r\000o\000n\000t\000o\000\040\000d\000e\000i\000\040\000d\000e\000c\000i\000s\000i\000o\000n\000\040\000b\000o\000u\000n\000d\000a\000r\000i\000e\000s}{section.12.4}% 265
\BOOKMARK [1][-]{section.12.5}{\376\377\000N\000a\000i\000v\000e\000\040\000B\000a\000y\000e\000s\000\040\000M\000u\000l\000t\000i\000n\000o\000m\000i\000a\000l\000e}{chapter.12}% 266
\BOOKMARK [2][-]{subsection.12.5.1}{\376\377\000S\000t\000i\000m\000a\000\040\000d\000e\000i\000\040\000p\000a\000r\000a\000m\000e\000t\000r\000i}{section.12.5}% 267
\BOOKMARK [2][-]{subsection.12.5.2}{\376\377\000P\000r\000o\000b\000l\000e\000m\000i\000\040\000d\000i\000\040\000s\000t\000i\000m\000a\000\040\000e\000\040\000s\000m\000o\000o\000t\000h\000i\000n\000g}{section.12.5}% 268
\BOOKMARK [0][-]{chapter.13}{\376\377\000R\000a\000p\000p\000r\000e\000s\000e\000n\000t\000a\000z\000i\000o\000n\000e\000\040\000d\000e\000i\000\040\000D\000a\000t\000i}{}% 269
\BOOKMARK [1][-]{section.13.1}{\376\377\000S\000p\000a\000z\000i\000o\000\040\000d\000i\000\040\000f\000e\000a\000t\000u\000r\000e}{chapter.13}% 270
\BOOKMARK [2][-]{subsection.13.1.1}{\376\377\000F\000e\000a\000t\000u\000r\000e\000\040\000e\000x\000t\000r\000a\000c\000t\000i\000o\000n}{section.13.1}% 271
\BOOKMARK [2][-]{subsection.13.1.2}{\376\377\000P\000r\000o\000p\000r\000i\000e\000t\000\340\000\040\000d\000e\000l\000l\000o\000\040\000s\000p\000a\000z\000i\000o\000\040\000d\000i\000\040\000f\000e\000a\000t\000u\000r\000e}{section.13.1}% 272
\BOOKMARK [1][-]{section.13.2}{\376\377\000M\000e\000t\000r\000i\000c\000h\000e}{chapter.13}% 273
\BOOKMARK [2][-]{subsection.13.2.1}{\376\377\000M\000e\000t\000r\000i\000c\000h\000e\000\040\000e\000u\000c\000l\000i\000d\000e\000e}{section.13.2}% 274
\BOOKMARK [2][-]{subsection.13.2.2}{\376\377\000D\000i\000s\000t\000a\000n\000z\000a\000\040\000d\000e\000l\000\040\000c\000o\000s\000e\000n\000o}{section.13.2}% 275
\BOOKMARK [1][-]{section.13.3}{\376\377\000F\000e\000a\000t\000u\000r\000e\000\040\000e\000\040\000f\000u\000n\000z\000i\000o\000n\000i\000\040\000d\000i\000\040\000r\000a\000p\000p\000r\000e\000s\000e\000n\000t\000a\000z\000i\000o\000n\000e}{chapter.13}% 276
\BOOKMARK [2][-]{subsection.13.3.1}{\376\377\000F\000e\000a\000t\000u\000r\000e\000\040\000e\000x\000t\000r\000a\000c\000t\000i\000o\000n\000\040\000'\000'\000B\000l\000a\000c\000k\000\040\000B\000o\000x\000'\000'}{section.13.3}% 277
\BOOKMARK [2][-]{subsection.13.3.2}{\376\377\000D\000P\000I\000:\000\040\000D\000a\000t\000a\000\040\000P\000r\000o\000c\000e\000s\000s\000i\000n\000g\000\040\000I\000n\000e\000q\000u\000a\000l\000i\000t\000y}{section.13.3}% 278
\BOOKMARK [0][-]{chapter.14}{\376\377\000C\000l\000u\000s\000t\000e\000r\000i\000n\000g}{}% 279
\BOOKMARK [1][-]{section.14.1}{\376\377\000D\000e\000f\000i\000n\000i\000z\000i\000o\000n\000e\000\040\000d\000e\000l\000\040\000p\000r\000o\000b\000l\000e\000m\000a}{chapter.14}% 280
\BOOKMARK [1][-]{section.14.2}{\376\377\000K\000-\000m\000e\000a\000n\000s\000\040\000C\000l\000u\000s\000t\000e\000r\000i\000n\000g}{chapter.14}% 281
\BOOKMARK [2][-]{subsection.14.2.1}{\376\377\000O\000t\000t\000i\000m\000i\000z\000z\000a\000z\000i\000o\000n\000e}{section.14.2}% 282
\BOOKMARK [2][-]{subsection.14.2.2}{\376\377\000S\000c\000e\000g\000l\000i\000e\000r\000e\000\040\000i\000l\000\040\000g\000i\000u\000s\000t\000o\000\040\000K}{section.14.2}% 283
\BOOKMARK [0][-]{chapter.15}{\376\377\000S\000t\000i\000m\000a\000\040\000d\000e\000l\000l\000a\000\040\000d\000e\000n\000s\000i\000t\000\340}{}% 284
\BOOKMARK [1][-]{section.15.1}{\376\377\000D\000e\000n\000s\000i\000t\000\340\000\040\000d\000i\000\040\000p\000r\000o\000b\000a\000b\000i\000l\000i\000t\000\340}{chapter.15}% 285
\BOOKMARK [1][-]{section.15.2}{\376\377\000M\000e\000t\000o\000d\000i\000\040\000n\000o\000n\000\040\000p\000a\000r\000a\000m\000e\000t\000r\000i\000c\000i}{chapter.15}% 286
\BOOKMARK [2][-]{subsection.15.2.1}{\376\377\000I\000s\000t\000o\000g\000r\000a\000m\000m\000i}{section.15.2}% 287
\BOOKMARK [2][-]{subsection.15.2.2}{\376\377\000K\000e\000r\000n\000e\000l\000\040\000D\000e\000n\000s\000i\000t\000y\000\040\000E\000s\000t\000i\000m\000a\000t\000i\000o\000n\000\040\000\050\000K\000D\000E\000\051}{section.15.2}% 288
\BOOKMARK [2][-]{subsection.15.2.3}{\376\377\000E\000p\000a\000n\000e\000c\000h\000n\000i\000k\000o\000v\000\040\000K\000e\000r\000n\000e\000l}{section.15.2}% 289
\BOOKMARK [2][-]{subsection.15.2.4}{\376\377\000T\000r\000a\000d\000e\000o\000f\000f\000\040\000b\000i\000a\000s\000-\000v\000a\000r\000i\000a\000n\000z\000a\000:\000\040\000s\000c\000c\000e\000l\000t\000a\000\040\000d\000e\000l\000l\000a\000\040\000b\000a\000n\000d\000w\000i\000t\000h}{section.15.2}% 290
\BOOKMARK [1][-]{section.15.3}{\376\377\000M\000e\000t\000o\000d\000i\000\040\000p\000a\000r\000a\000m\000e\000t\000r\000i\000c\000i}{chapter.15}% 291
\BOOKMARK [2][-]{subsection.15.3.1}{\376\377\000D\000i\000s\000t\000r\000i\000b\000u\000z\000i\000o\000n\000e\000\040\000G\000a\000u\000s\000s\000i\000a\000n\000a\000\040\000M\000u\000l\000t\000i\000v\000a\000r\000i\000a\000t\000a}{section.15.3}% 292
\BOOKMARK [2][-]{subsection.15.3.2}{\376\377\000G\000a\000u\000s\000s\000i\000a\000n\000\040\000M\000i\000x\000t\000u\000r\000e\000\040\000M\000o\000d\000e\000l}{section.15.3}% 293
\BOOKMARK [0][-]{chapter.16}{\376\377\000R\000i\000d\000u\000z\000i\000o\000n\000e\000\040\000d\000e\000l\000l\000a\000\040\000d\000i\000m\000e\000n\000s\000i\000o\000n\000a\000l\000i\000t\000\340}{}% 294
\BOOKMARK [1][-]{section.16.1}{\376\377\000F\000e\000a\000t\000u\000r\000e\000\040\000S\000e\000l\000e\000c\000t\000i\000o\000n\000\040\000v\000s\000\040\000F\000e\000a\000t\000u\000r\000e\000\040\000E\000x\000t\000r\000a\000c\000t\000i\000o\000n}{chapter.16}% 295
\BOOKMARK [2][-]{subsection.16.1.1}{\376\377\000F\000e\000a\000t\000u\000r\000e\000\040\000S\000e\000l\000e\000c\000t\000i\000o\000n}{section.16.1}% 296
\BOOKMARK [2][-]{subsection.16.1.2}{\376\377\000F\000e\000a\000t\000u\000r\000e\000\040\000E\000x\000t\000r\000a\000c\000t\000i\000o\000n}{section.16.1}% 297
\BOOKMARK [1][-]{section.16.2}{\376\377\000P\000C\000A\000:\000\040\000P\000r\000i\000n\000c\000i\000p\000a\000l\000\040\000C\000o\000m\000p\000o\000n\000e\000n\000t\000\040\000A\000n\000a\000l\000y\000s\000i\000s}{chapter.16}% 298
\BOOKMARK [2][-]{subsection.16.2.1}{\376\377\000I\000n\000t\000e\000r\000p\000r\000e\000t\000a\000z\000i\000o\000n\000e\000\040\000g\000e\000o\000m\000e\000t\000r\000i\000c\000a}{section.16.2}% 299
\BOOKMARK [2][-]{subsection.16.2.2}{\376\377\000M\000a\000s\000s\000i\000m\000i\000z\000z\000a\000z\000i\000o\000n\000e\000\040\000d\000e\000l\000l\000a\000\040\000v\000a\000r\000i\000a\000n\000z\000a}{section.16.2}% 300
\BOOKMARK [2][-]{subsection.16.2.3}{\376\377\000M\000a\000t\000r\000i\000c\000e\000\040\000d\000i\000\040\000c\000o\000v\000a\000r\000i\000a\000n\000z\000a}{section.16.2}% 301
\BOOKMARK [2][-]{subsection.16.2.4}{\376\377\000V\000a\000r\000i\000a\000n\000z\000a\000\040\000d\000e\000l\000l\000a\000\040\000p\000r\000o\000i\000e\000z\000i\000o\000n\000e}{section.16.2}% 302
\BOOKMARK [2][-]{subsection.16.2.5}{\376\377\000A\000u\000t\000o\000v\000a\000l\000o\000r\000i\000\040\000e\000\040\000a\000u\000t\000o\000v\000e\000t\000t\000o\000r\000i}{section.16.2}% 303
\BOOKMARK [2][-]{subsection.16.2.6}{\376\377\000C\000o\000s\000t\000r\000u\000z\000i\000o\000n\000e\000\040\000e\000\040\000p\000r\000o\000i\000e\000z\000i\000o\000n\000e\000\040\000d\000e\000l\000l\000e\000\040\000c\000o\000m\000p\000o\000n\000e\000n\000t\000i\000\040\000p\000r\000i\000n\000c\000i\000p\000a\000l\000i}{section.16.2}% 304
\BOOKMARK [2][-]{subsection.16.2.7}{\376\377\000D\000a\000t\000a\000\040\000W\000h\000i\000t\000e\000n\000i\000n\000g\000:\000\040\000d\000e\000c\000o\000r\000r\000e\000l\000a\000z\000i\000o\000n\000e\000\040\000e\000\040\000n\000o\000r\000m\000a\000l\000i\000z\000z\000a\000z\000i\000o\000n\000e}{section.16.2}% 305
\BOOKMARK [2][-]{subsection.16.2.8}{\376\377\000S\000c\000e\000l\000t\000a\000\040\000d\000e\000l\000\040\000n\000u\000m\000e\000r\000o\000\040\000d\000i\000\040\000c\000o\000m\000p\000o\000n\000e\000n\000t\000i\000\040\000p\000r\000i\000n\000c\000i\000p\000a\000l\000i}{section.16.2}% 306
\BOOKMARK [2][-]{subsection.16.2.9}{\376\377\000I\000n\000t\000e\000r\000p\000r\000e\000t\000a\000z\000i\000o\000n\000e\000\040\000d\000e\000l\000l\000e\000\040\000p\000r\000i\000m\000e\000\040\000c\000o\000m\000p\000o\000n\000e\000n\000t\000i\000\040\000p\000r\000i\000n\000c\000i\000p\000a\000l\000i}{section.16.2}% 307
\BOOKMARK [0][-]{chapter.17}{\376\377\000G\000r\000a\000f\000i\000c\000i}{}% 308
\BOOKMARK [1][-]{section.17.1}{\376\377\000I\000s\000t\000o\000g\000r\000a\000m\000m\000a}{chapter.17}% 309
\BOOKMARK [1][-]{section.17.2}{\376\377\000G\000r\000a\000f\000i\000c\000o\000\040\000a\000\040\000b\000a\000r\000r\000e}{chapter.17}% 310
\BOOKMARK [1][-]{section.17.3}{\376\377\000B\000o\000x\000p\000l\000o\000t}{chapter.17}% 311
\BOOKMARK [1][-]{section.17.4}{\376\377\000G\000r\000a\000f\000i\000c\000i\000\040\000d\000i\000\040\000d\000i\000s\000p\000e\000r\000s\000i\000o\000n\000e}{chapter.17}% 312
\BOOKMARK [2][-]{subsection.17.4.1}{\376\377\000M\000a\000t\000r\000i\000c\000e\000\040\000d\000i\000\040\000s\000c\000a\000t\000t\000e\000r\000\040\000p\000l\000o\000t}{section.17.4}% 313
\BOOKMARK [2][-]{subsection.17.4.2}{\376\377\000S\000c\000a\000t\000t\000e\000r\000\040\000p\000l\000o\000t\000\040\000c\000o\000n\000\040\000i\000n\000t\000e\000r\000v\000a\000l\000l\000i\000\040\000d\000i\000\040\000c\000o\000n\000f\000i\000d\000e\000n\000z\000a}{section.17.4}% 314
\BOOKMARK [1][-]{section.17.5}{\376\377\000H\000e\000x\000b\000i\000n\000\040\000p\000l\000o\000t}{chapter.17}% 315
\BOOKMARK [1][-]{section.17.6}{\376\377\000G\000r\000a\000f\000i\000c\000i\000\040\000d\000i\000\040\000d\000e\000n\000s\000i\000t\000\340\000\040\000e\000\040\000d\000i\000\040\000c\000o\000n\000t\000o\000r\000n\000o}{chapter.17}% 316
\BOOKMARK [1][-]{section.17.7}{\376\377\000H\000e\000a\000t\000m\000a\000p\000s}{chapter.17}% 317
\BOOKMARK [1][-]{section.17.8}{\376\377\000L\000o\000a\000d\000\040\000p\000l\000o\000t\000s}{chapter.17}% 318
